<?xml version="1.0" encoding="UTF-8"?>
<!-- Generated by org.testng.reporters.JUnitReportReporter -->
<testsuite hostname="RR19-MB34.local" failures="0" tests="6" name="com.employeeapi.testcases.TC001_Get_All_Employees" time="0.028" errors="0" timestamp="2020-05-18T09:10:19 EDT" skipped="0">
  <testcase classname="com.employeeapi.testcases.TC001_Get_All_Employees" name="checkResponseTime" time="0.001"/>
  <system-out/>
  <testcase classname="com.employeeapi.testcases.TC001_Get_All_Employees" name="checkContentType" time="0.006"/>
  <system-out/>
  <testcase classname="com.employeeapi.testcases.TC001_Get_All_Employees" name="checkCookieGenerated" time="0.002"/>
  <system-out/>
  <testcase classname="com.employeeapi.testcases.TC001_Get_All_Employees" name="checkServerType" time="0.002"/>
  <system-out/>
  <testcase classname="com.employeeapi.testcases.TC001_Get_All_Employees" name="checkResponseBodyNotNull" time="0.016"/>
  <system-out/>
  <testcase classname="com.employeeapi.testcases.TC001_Get_All_Employees" name="checkStatusLine" time="0.001"/>
  <system-out/>
</testsuite> <!-- com.employeeapi.testcases.TC001_Get_All_Employees -->
