<?xml version="1.0" encoding="UTF-8"?>
<!-- Generated by org.testng.reporters.JUnitReportReporter -->
<testsuite hostname="RR19-MB34.local" failures="0" tests="3" name="com.employeeapi.testcases.TC003_Post_New_Employee_Record" time="0.005" errors="0" timestamp="2020-05-18T09:10:19 EDT" skipped="0">
  <testcase classname="com.employeeapi.testcases.TC003_Post_New_Employee_Record" name="getStatusCode" time="0.001"/>
  <system-out/>
  <testcase classname="com.employeeapi.testcases.TC003_Post_New_Employee_Record" name="getResponseBody" time="0.003"/>
  <system-out/>
  <testcase classname="com.employeeapi.testcases.TC003_Post_New_Employee_Record" name="getStatusLine" time="0.001"/>
  <system-out/>
</testsuite> <!-- com.employeeapi.testcases.TC003_Post_New_Employee_Record -->
