<?xml version="1.0" encoding="UTF-8"?>
<!-- Generated by org.testng.reporters.JUnitReportReporter -->
<testsuite hostname="RR19-MB34.local" failures="0" tests="6" name="com.employeeapi.testcases.TC001_Get_All_Employees" time="0.083" errors="0" timestamp="2020-05-17T11:16:31 EDT" skipped="0">
  <testcase classname="com.employeeapi.testcases.TC001_Get_All_Employees" name="checkContentType" time="0.012"/>
  <system-out/>
  <testcase classname="com.employeeapi.testcases.TC001_Get_All_Employees" name="checkResponseTime" time="0.012"/>
  <system-out/>
  <testcase classname="com.employeeapi.testcases.TC001_Get_All_Employees" name="checkCookieGenerated" time="0.012"/>
  <system-out/>
  <testcase classname="com.employeeapi.testcases.TC001_Get_All_Employees" name="checkResponseBodyNotNull" time="0.033"/>
  <system-out/>
  <testcase classname="com.employeeapi.testcases.TC001_Get_All_Employees" name="checkServerType" time="0.011"/>
  <system-out/>
  <testcase classname="com.employeeapi.testcases.TC001_Get_All_Employees" name="checkStatusLine" time="0.003"/>
  <system-out/>
</testsuite> <!-- com.employeeapi.testcases.TC001_Get_All_Employees -->
